# JRE version: Java(TM) SE Runtime Environment (8.0_144-b01) (build 1.8.0_144-b01)
# Java VM: Java HotSpot(TM) 64-Bit Server VM (25.144-b01 mixed mode windows-amd64 compressed oops)
Heap:
 PSYoungGen      total 293376K, used 151222K [0x00000000d5f00000, 0x00000000fbb00000, 0x0000000100000000)
  eden space 259072K, 45% used [0x00000000d5f00000,0x00000000dd132540,0x00000000e5c00000)
  from space 34304K, 99% used [0x00000000e5c00000,0x00000000e7d7b478,0x00000000e7d80000)
  to   space 50176K, 0% used [0x00000000f8a00000,0x00000000f8a00000,0x00000000fbb00000)
 ParOldGen       total 87552K, used 54981K [0x0000000081c00000, 0x0000000087180000, 0x00000000d5f00000)
  object space 87552K, 62% used [0x0000000081c00000,0x00000000851b1658,0x0000000087180000)
 Metaspace       used 19535K, capacity 20432K, committed 20736K, reserved 1067008K
  class space    used 2270K, capacity 2459K, committed 2560K, reserved 1048576K
GC Heap History (10 events):
Event: 15.508 GC heap before
{Heap before GC invocations=3 (full 0):
 PSYoungGen      total 71680K, used 71610K [0x00000000d5f00000, 0x00000000daa00000, 0x0000000100000000)
  eden space 66560K, 99% used [0x00000000d5f00000,0x00000000d9ff4070,0x00000000da000000)
  from space 5120K, 99% used [0x00000000da500000,0x00000000da9fa798,0x00000000daa00000)
  to   space 5120K, 0% used [0x00000000da000000,0x00000000da000000,0x00000000da500000)
 ParOldGen       total 87552K, used 634K [0x0000000081c00000, 0x0000000087180000, 0x00000000d5f00000)
  object space 87552K, 0% used [0x0000000081c00000,0x0000000081c9e928,0x0000000087180000)
 Metaspace       used 14442K, capacity 15306K, committed 15488K, reserved 1062912K
  class space    used 1734K, capacity 1917K, committed 1920K, reserved 1048576K
Event: 15.563 GC heap after
Heap after GC invocations=3 (full 0):
 PSYoungGen      total 71680K, used 5093K [0x00000000d5f00000, 0x00000000deb00000, 0x0000000100000000)
  eden space 66560K, 0% used [0x00000000d5f00000,0x00000000d5f00000,0x00000000da000000)
  from space 5120K, 99% used [0x00000000da000000,0x00000000da4f96d0,0x00000000da500000)
  to   space 5120K, 0% used [0x00000000de600000,0x00000000de600000,0x00000000deb00000)
 ParOldGen       total 87552K, used 1204K [0x0000000081c00000, 0x0000000087180000, 0x00000000d5f00000)
  object space 87552K, 1% used [0x0000000081c00000,0x0000000081d2d190,0x0000000087180000)
 Metaspace       used 14442K, capacity 15306K, committed 15488K, reserved 1062912K
  class space    used 1734K, capacity 1917K, committed 1920K, reserved 1048576K
}
Event: 17.199 GC heap before
{Heap before GC invocations=4 (full 0):
 PSYoungGen      total 71680K, used 71653K [0x00000000d5f00000, 0x00000000deb00000, 0x0000000100000000)
  eden space 66560K, 100% used [0x00000000d5f00000,0x00000000da000000,0x00000000da000000)
  from space 5120K, 99% used [0x00000000da000000,0x00000000da4f96d0,0x00000000da500000)
  to   space 5120K, 0% used [0x00000000de600000,0x00000000de600000,0x00000000deb00000)
 ParOldGen       total 87552K, used 1204K [0x0000000081c00000, 0x0000000087180000, 0x00000000d5f00000)
  object space 87552K, 1% used [0x0000000081c00000,0x0000000081d2d190,0x0000000087180000)
 Metaspace       used 15278K, capacity 16106K, committed 16384K, reserved 1062912K
  class space    used 1824K, capacity 2013K, committed 2048K, reserved 1048576K
Event: 17.741 GC heap after
Heap after GC invocations=4 (full 0):
 PSYoungGen      total 138240K, used 5102K [0x00000000d5f00000, 0x00000000deb00000, 0x0000000100000000)
  eden space 133120K, 0% used [0x00000000d5f00000,0x00000000d5f00000,0x00000000de100000)
  from space 5120K, 99% used [0x00000000de600000,0x00000000deafbba8,0x00000000deb00000)
  to   space 5120K, 0% used [0x00000000de100000,0x00000000de100000,0x00000000de600000)
 ParOldGen       total 87552K, used 10825K [0x0000000081c00000, 0x0000000087180000, 0x00000000d5f00000)
  object space 87552K, 12% used [0x0000000081c00000,0x00000000826926e0,0x0000000087180000)
 Metaspace       used 15278K, capacity 16106K, committed 16384K, reserved 1062912K
  class space    used 1824K, capacity 2013K, committed 2048K, reserved 1048576K
}
Event: 19.610 GC heap before
{Heap before GC invocations=5 (full 0):
 PSYoungGen      total 138240K, used 138222K [0x00000000d5f00000, 0x00000000deb00000, 0x0000000100000000)
  eden space 133120K, 100% used [0x00000000d5f00000,0x00000000de100000,0x00000000de100000)
  from space 5120K, 99% used [0x00000000de600000,0x00000000deafbba8,0x00000000deb00000)
  to   space 5120K, 0% used [0x00000000de100000,0x00000000de100000,0x00000000de600000)
 ParOldGen       total 87552K, used 10825K [0x0000000081c00000, 0x0000000087180000, 0x00000000d5f00000)
  object space 87552K, 12% used [0x0000000081c00000,0x00000000826926e0,0x0000000087180000)
 Metaspace       used 15648K, capacity 16464K, committed 16640K, reserved 1064960K
  class space    used 1857K, capacity 2046K, committed 2048K, reserved 1048576K
Event: 19.853 GC heap after
Heap after GC invocations=5 (full 0):
 PSYoungGen      total 138240K, used 5095K [0x00000000d5f00000, 0x00000000e9800000, 0x0000000100000000)
  eden space 133120K, 0% used [0x00000000d5f00000,0x00000000d5f00000,0x00000000de100000)
  from space 5120K, 99% used [0x00000000de100000,0x00000000de5f9d00,0x00000000de600000)
  to   space 27136K, 0% used [0x00000000e7d80000,0x00000000e7d80000,0x00000000e9800000)
 ParOldGen       total 87552K, used 34861K [0x0000000081c00000, 0x0000000087180000, 0x00000000d5f00000)
  object space 87552K, 39% used [0x0000000081c00000,0x0000000083e0b7d0,0x0000000087180000)
 Metaspace       used 15648K, capacity 16464K, committed 16640K, reserved 1064960K
  class space    used 1857K, capacity 2046K, committed 2048K, reserved 1048576K
}
Event: 21.338 GC heap before
{Heap before GC invocations=6 (full 0):
 PSYoungGen      total 138240K, used 138215K [0x00000000d5f00000, 0x00000000e9800000, 0x0000000100000000)
  eden space 133120K, 100% used [0x00000000d5f00000,0x00000000de100000,0x00000000de100000)
  from space 5120K, 99% used [0x00000000de100000,0x00000000de5f9d00,0x00000000de600000)
  to   space 27136K, 0% used [0x00000000e7d80000,0x00000000e7d80000,0x00000000e9800000)
 ParOldGen       total 87552K, used 34861K [0x0000000081c00000, 0x0000000087180000, 0x00000000d5f00000)
  object space 87552K, 39% used [0x0000000081c00000,0x0000000083e0b7d0,0x0000000087180000)
 Metaspace       used 15651K, capacity 16464K, committed 16640K, reserved 1064960K
  class space    used 1857K, capacity 2046K, committed 2048K, reserved 1048576K
Event: 21.434 GC heap after
Heap after GC invocations=6 (full 0):
 PSYoungGen      total 286208K, used 27110K [0x00000000d5f00000, 0x00000000ea600000, 0x0000000100000000)
  eden space 259072K, 0% used [0x00000000d5f00000,0x00000000d5f00000,0x00000000e5c00000)
  from space 27136K, 99% used [0x00000000e7d80000,0x00000000e97f9a08,0x00000000e9800000)
  to   space 34304K, 0% used [0x00000000e5c00000,0x00000000e5c00000,0x00000000e7d80000)
 ParOldGen       total 87552K, used 37123K [0x0000000081c00000, 0x0000000087180000, 0x00000000d5f00000)
  object space 87552K, 42% used [0x0000000081c00000,0x0000000084040ea8,0x0000000087180000)
 Metaspace       used 15651K, capacity 16464K, committed 16640K, reserved 1064960K
  class space    used 1857K, capacity 2046K, committed 2048K, reserved 1048576K
}
Event: 24.530 GC heap before
{Heap before GC invocations=7 (full 0):
 PSYoungGen      total 286208K, used 286182K [0x00000000d5f00000, 0x00000000ea600000, 0x0000000100000000)
  eden space 259072K, 100% used [0x00000000d5f00000,0x00000000e5c00000,0x00000000e5c00000)
  from space 27136K, 99% used [0x00000000e7d80000,0x00000000e97f9a08,0x00000000e9800000)
  to   space 34304K, 0% used [0x00000000e5c00000,0x00000000e5c00000,0x00000000e7d80000)
 ParOldGen       total 87552K, used 37123K [0x0000000081c00000, 0x0000000087180000, 0x00000000d5f00000)
  object space 87552K, 42% used [0x0000000081c00000,0x0000000084040ea8,0x0000000087180000)
 Metaspace       used 15659K, capacity 16464K, committed 16640K, reserved 1064960K
  class space    used 1857K, capacity 2046K, committed 2048K, reserved 1048576K
Event: 24.687 GC heap after
Heap after GC invocations=7 (full 0):
 PSYoungGen      total 293376K, used 34285K [0x00000000d5f00000, 0x00000000fbb00000, 0x0000000100000000)
  eden space 259072K, 0% used [0x00000000d5f00000,0x00000000d5f00000,0x00000000e5c00000)
  from space 34304K, 99% used [0x00000000e5c00000,0x00000000e7d7b478,0x00000000e7d80000)
  to   space 50176K, 0% used [0x00000000f8a00000,0x00000000f8a00000,0x00000000fbb00000)
 ParOldGen       total 87552K, used 54981K [0x0000000081c00000, 0x0000000087180000, 0x00000000d5f00000)
  object space 87552K, 62% used [0x0000000081c00000,0x00000000851b1658,0x0000000087180000)
 Metaspace       used 15659K, capacity 16464K, committed 16640K, reserved 1064960K
  class space    used 1857K, capacity 2046K, committed 2048K, reserved 1048576K
}

