# JRE version: Java(TM) SE Runtime Environment (8.0_144-b01) (build 1.8.0_144-b01)
# Java VM: Java HotSpot(TM) 64-Bit Server VM (25.144-b01 mixed mode windows-amd64 compressed oops)
Heap:
 PSYoungGen      total 561664K, used 220030K [0x00000000d5f00000, 0x00000000fb500000, 0x0000000100000000)
  eden space 518144K, 42% used [0x00000000d5f00000,0x00000000e35dfbe8,0x00000000f5900000)
  from space 43520K, 0% used [0x00000000f8a80000,0x00000000f8a80000,0x00000000fb500000)
  to   space 47104K, 0% used [0x00000000f5900000,0x00000000f5900000,0x00000000f8700000)
 ParOldGen       total 88576K, used 22695K [0x0000000081c00000, 0x0000000087280000, 0x00000000d5f00000)
  object space 88576K, 25% used [0x0000000081c00000,0x0000000083229c48,0x0000000087280000)
 Metaspace       used 33625K, capacity 34694K, committed 34992K, reserved 1079296K
  class space    used 4189K, capacity 4403K, committed 4528K, reserved 1048576K
GC Heap History (10 events):
Event: 20.706 GC heap before
{Heap before GC invocations=5 (full 0):
 PSYoungGen      total 138240K, used 138228K [0x00000000d5f00000, 0x00000000deb00000, 0x0000000100000000)
  eden space 133120K, 100% used [0x00000000d5f00000,0x00000000de100000,0x00000000de100000)
  from space 5120K, 99% used [0x00000000de600000,0x00000000deafd1f8,0x00000000deb00000)
  to   space 5120K, 0% used [0x00000000de100000,0x00000000de100000,0x00000000de600000)
 ParOldGen       total 87552K, used 10550K [0x0000000081c00000, 0x0000000087180000, 0x00000000d5f00000)
  object space 87552K, 12% used [0x0000000081c00000,0x000000008264da40,0x0000000087180000)
 Metaspace       used 15696K, capacity 16532K, committed 16640K, reserved 1064960K
  class space    used 1857K, capacity 2046K, committed 2048K, reserved 1048576K
Event: 20.777 GC heap after
Heap after GC invocations=5 (full 0):
 PSYoungGen      total 138240K, used 5092K [0x00000000d5f00000, 0x00000000e9800000, 0x0000000100000000)
  eden space 133120K, 0% used [0x00000000d5f00000,0x00000000d5f00000,0x00000000de100000)
  from space 5120K, 99% used [0x00000000de100000,0x00000000de5f91e8,0x00000000de600000)
  to   space 27136K, 0% used [0x00000000e7d80000,0x00000000e7d80000,0x00000000e9800000)
 ParOldGen       total 87552K, used 35330K [0x0000000081c00000, 0x0000000087180000, 0x00000000d5f00000)
  object space 87552K, 40% used [0x0000000081c00000,0x0000000083e809e8,0x0000000087180000)
 Metaspace       used 15696K, capacity 16532K, committed 16640K, reserved 1064960K
  class space    used 1857K, capacity 2046K, committed 2048K, reserved 1048576K
}
Event: 23.244 GC heap before
{Heap before GC invocations=6 (full 0):
 PSYoungGen      total 138240K, used 138212K [0x00000000d5f00000, 0x00000000e9800000, 0x0000000100000000)
  eden space 133120K, 100% used [0x00000000d5f00000,0x00000000de100000,0x00000000de100000)
  from space 5120K, 99% used [0x00000000de100000,0x00000000de5f91e8,0x00000000de600000)
  to   space 27136K, 0% used [0x00000000e7d80000,0x00000000e7d80000,0x00000000e9800000)
 ParOldGen       total 87552K, used 35330K [0x0000000081c00000, 0x0000000087180000, 0x00000000d5f00000)
  object space 87552K, 40% used [0x0000000081c00000,0x0000000083e809e8,0x0000000087180000)
 Metaspace       used 15699K, capacity 16532K, committed 16640K, reserved 1064960K
  class space    used 1857K, capacity 2046K, committed 2048K, reserved 1048576K
Event: 23.354 GC heap after
Heap after GC invocations=6 (full 0):
 PSYoungGen      total 286208K, used 27121K [0x00000000d5f00000, 0x00000000ea600000, 0x0000000100000000)
  eden space 259072K, 0% used [0x00000000d5f00000,0x00000000d5f00000,0x00000000e5c00000)
  from space 27136K, 99% used [0x00000000e7d80000,0x00000000e97fc7f0,0x00000000e9800000)
  to   space 34304K, 0% used [0x00000000e5c00000,0x00000000e5c00000,0x00000000e7d80000)
 ParOldGen       total 87552K, used 37489K [0x0000000081c00000, 0x0000000087180000, 0x00000000d5f00000)
  object space 87552K, 42% used [0x0000000081c00000,0x000000008409c768,0x0000000087180000)
 Metaspace       used 15699K, capacity 16532K, committed 16640K, reserved 1064960K
  class space    used 1857K, capacity 2046K, committed 2048K, reserved 1048576K
}
Event: 28.970 GC heap before
{Heap before GC invocations=7 (full 0):
 PSYoungGen      total 286208K, used 286193K [0x00000000d5f00000, 0x00000000ea600000, 0x0000000100000000)
  eden space 259072K, 100% used [0x00000000d5f00000,0x00000000e5c00000,0x00000000e5c00000)
  from space 27136K, 99% used [0x00000000e7d80000,0x00000000e97fc7f0,0x00000000e9800000)
  to   space 34304K, 0% used [0x00000000e5c00000,0x00000000e5c00000,0x00000000e7d80000)
 ParOldGen       total 87552K, used 37489K [0x0000000081c00000, 0x0000000087180000, 0x00000000d5f00000)
  object space 87552K, 42% used [0x0000000081c00000,0x000000008409c768,0x0000000087180000)
 Metaspace       used 15707K, capacity 16596K, committed 16640K, reserved 1064960K
  class space    used 1857K, capacity 2046K, committed 2048K, reserved 1048576K
Event: 29.201 GC heap after
Heap after GC invocations=7 (full 0):
 PSYoungGen      total 293376K, used 34277K [0x00000000d5f00000, 0x00000000fbc00000, 0x0000000100000000)
  eden space 259072K, 0% used [0x00000000d5f00000,0x00000000d5f00000,0x00000000e5c00000)
  from space 34304K, 99% used [0x00000000e5c00000,0x00000000e7d79688,0x00000000e7d80000)
  to   space 50688K, 0% used [0x00000000f8a80000,0x00000000f8a80000,0x00000000fbc00000)
 ParOldGen       total 87552K, used 55292K [0x0000000081c00000, 0x0000000087180000, 0x00000000d5f00000)
  object space 87552K, 63% used [0x0000000081c00000,0x00000000851ff068,0x0000000087180000)
 Metaspace       used 15707K, capacity 16596K, committed 16640K, reserved 1064960K
  class space    used 1857K, capacity 2046K, committed 2048K, reserved 1048576K
}
Event: 46.548 GC heap before
{Heap before GC invocations=8 (full 0):
 PSYoungGen      total 293376K, used 149627K [0x00000000d5f00000, 0x00000000fbc00000, 0x0000000100000000)
  eden space 259072K, 44% used [0x00000000d5f00000,0x00000000dcfa5880,0x00000000e5c00000)
  from space 34304K, 99% used [0x00000000e5c00000,0x00000000e7d79688,0x00000000e7d80000)
  to   space 50688K, 0% used [0x00000000f8a80000,0x00000000f8a80000,0x00000000fbc00000)
 ParOldGen       total 87552K, used 55292K [0x0000000081c00000, 0x0000000087180000, 0x00000000d5f00000)
  object space 87552K, 63% used [0x0000000081c00000,0x00000000851ff068,0x0000000087180000)
 Metaspace       used 20180K, capacity 21136K, committed 21296K, reserved 1069056K
  class space    used 2341K, capacity 2562K, committed 2608K, reserved 1048576K
Event: 46.823 GC heap after
Heap after GC invocations=8 (full 0):
 PSYoungGen      total 561664K, used 19387K [0x00000000d5f00000, 0x00000000fb500000, 0x0000000100000000)
  eden space 518144K, 0% used [0x00000000d5f00000,0x00000000d5f00000,0x00000000f5900000)
  from space 43520K, 44% used [0x00000000f8a80000,0x00000000f9d6ec70,0x00000000fb500000)
  to   space 47104K, 0% used [0x00000000f5900000,0x00000000f5900000,0x00000000f8700000)
 ParOldGen       total 87552K, used 55948K [0x0000000081c00000, 0x0000000087180000, 0x00000000d5f00000)
  object space 87552K, 63% used [0x0000000081c00000,0x00000000852a3078,0x0000000087180000)
 Metaspace       used 20180K, capacity 21136K, committed 21296K, reserved 1069056K
  class space    used 2341K, capacity 2562K, committed 2608K, reserved 1048576K
}
Event: 46.823 GC heap before
{Heap before GC invocations=9 (full 1):
 PSYoungGen      total 561664K, used 19387K [0x00000000d5f00000, 0x00000000fb500000, 0x0000000100000000)
  eden space 518144K, 0% used [0x00000000d5f00000,0x00000000d5f00000,0x00000000f5900000)
  from space 43520K, 44% used [0x00000000f8a80000,0x00000000f9d6ec70,0x00000000fb500000)
  to   space 47104K, 0% used [0x00000000f5900000,0x00000000f5900000,0x00000000f8700000)
 ParOldGen       total 87552K, used 55948K [0x0000000081c00000, 0x0000000087180000, 0x00000000d5f00000)
  object space 87552K, 63% used [0x0000000081c00000,0x00000000852a3078,0x0000000087180000)
 Metaspace       used 20180K, capacity 21136K, committed 21296K, reserved 1069056K
  class space    used 2341K, capacity 2562K, committed 2608K, reserved 1048576K
Event: 47.192 GC heap after
Heap after GC invocations=9 (full 1):
 PSYoungGen      total 561664K, used 0K [0x00000000d5f00000, 0x00000000fb500000, 0x0000000100000000)
  eden space 518144K, 0% used [0x00000000d5f00000,0x00000000d5f00000,0x00000000f5900000)
  from space 43520K, 0% used [0x00000000f8a80000,0x00000000f8a80000,0x00000000fb500000)
  to   space 47104K, 0% used [0x00000000f5900000,0x00000000f5900000,0x00000000f8700000)
 ParOldGen       total 88576K, used 22695K [0x0000000081c00000, 0x0000000087280000, 0x00000000d5f00000)
  object space 88576K, 25% used [0x0000000081c00000,0x0000000083229c48,0x0000000087280000)
 Metaspace       used 20180K, capacity 21136K, committed 21296K, reserved 1069056K
  class space    used 2341K, capacity 2562K, committed 2608K, reserved 1048576K
}

