<?xml version="1.0" encoding="UTF-8"?>
<testsuite xmlns:xsi="http://www.w3.org/2001/XMLSchema-instance" xsi:noNamespaceSchemaLocation="https://maven.apache.org/surefire/maven-surefire-plugin/xsd/surefire-test-report.xsd" name="logic.AccountLogicTest" time="157.425" tests="15" errors="15" skipped="0" failures="0">
  <properties>
[...]
</properties>
  <testcase name="testCreateEntity" classname="logic.AccountLogicTest" time="0.174">
    <error message="org.hibernate.exception.ConstraintViolationException: could not execute statement" type="javax.persistence.PersistenceException">javax.persistence.PersistenceException: org.hibernate.exception.ConstraintViolationException: could not execute statement
	at logic.AccountLogicTest.setUp(AccountLogicTest.java:64)
Caused by: org.hibernate.exception.ConstraintViolationException: could not execute statement
	at logic.AccountLogicTest.setUp(AccountLogicTest.java:64)
Caused by: java.sql.SQLIntegrityConstraintViolationException: Duplicate entry 'junit' for key 'account.user_UNIQUE'
	at logic.AccountLogicTest.setUp(AccountLogicTest.java:64)
</error>
    <system-out><![CDATA[Hibernate: 
    /* insert entity.Account
        */ insert 
        into
            redditreader.account
            (nickname, password, username) 
        values
            (?, ?, ?)
]]></system-out>
    <system-err><![CDATA[Jun 06, 2020 1:34:18 PM org.apache.catalina.core.StandardService startInternal
INFO: Starting service [Tomcat]
Jun 06, 2020 1:34:18 PM org.apache.catalina.core.StandardEngine startInternal
INFO: Starting Servlet engine: [Apache Tomcat/9.0.27]
Jun 06, 2020 1:34:18 PM org.apache.catalina.startup.ContextConfig getDefaultWebXmlFragment
INFO: No global web.xml found
Jun 06, 2020 1:34:21 PM org.apache.jasper.servlet.TldScanner scanJars
INFO: At least one JAR was scanned for TLDs yet contained no TLDs. Enable debug logging for this logger for a complete list of JARs that were scanned but no TLDs were found in them. Skipping unneeded JARs during scanning can improve startup time and JSP compilation time.
Jun 06, 2020 1:34:21 PM common.ServletListener contextInitialized
INFO: Initializing EMF
Jun 06, 2020 1:34:21 PM org.hibernate.jpa.internal.util.LogHelper logPersistenceUnitInformation
INFO: HHH000204: Processing PersistenceUnitInfo [name: JPA-Tomcat-RedditReader]
Jun 06, 2020 1:34:21 PM org.hibernate.Version logVersion
INFO: HHH000412: Hibernate ORM core version 5.4.15.Final
Jun 06, 2020 1:34:21 PM org.hibernate.annotations.common.reflection.java.JavaReflectionManager <clinit>
INFO: HCANN000001: Hibernate Commons Annotations {5.1.0.Final}
Jun 06, 2020 1:34:21 PM org.hibernate.dialect.Dialect <init>
INFO: HHH000400: Using dialect: org.hibernate.dialect.MySQL8Dialect
Jun 06, 2020 1:34:22 PM org.hibernate.resource.beans.spi.ManagedBeanRegistryInitiator resolveBeanContainer
INFO: HHH10005002: No explicit CDI BeanManager reference was passed to Hibernate, but CDI is available on the Hibernate ClassLoader.
Jun 06, 2020 1:34:22 PM org.hibernate.engine.transaction.jta.platform.internal.JtaPlatformInitiator initiateService
INFO: HHH000490: Using JtaPlatform implementation: [org.hibernate.engine.transaction.jta.platform.internal.NoJtaPlatform]
Jun 06, 2020 1:34:23 PM common.ServletListener contextInitialized
INFO: EMF initialized
Jun 06, 2020 1:34:23 PM org.hibernate.engine.jdbc.spi.SqlExceptionHelper logExceptions
WARN: SQL Error: 1062, SQLState: 23000
Jun 06, 2020 1:34:23 PM org.hibernate.engine.jdbc.spi.SqlExceptionHelper logExceptions
ERROR: Duplicate entry 'junit' for key 'account.user_UNIQUE'
]]></system-err>
  </testcase>
  <testcase name="testGetAccountWithDisplayName" classname="logic.AccountLogicTest" time="21.747">
    <error message="org.hibernate.exception.ConstraintViolationException: could not execute statement" type="javax.persistence.PersistenceException">javax.persistence.PersistenceException: org.hibernate.exception.ConstraintViolationException: could not execute statement
	at logic.AccountLogicTest.setUp(AccountLogicTest.java:64)
Caused by: org.hibernate.exception.ConstraintViolationException: could not execute statement
	at logic.AccountLogicTest.setUp(AccountLogicTest.java:64)
Caused by: java.sql.SQLIntegrityConstraintViolationException: Duplicate entry 'junit' for key 'account.user_UNIQUE'
	at logic.AccountLogicTest.setUp(AccountLogicTest.java:64)
</error>
    <system-out><![CDATA[Hibernate: 
    /* insert entity.Account
        */ insert 
        into
            redditreader.account
            (nickname, password, username) 
        values
            (?, ?, ?)
]]></system-out>
    <system-err><![CDATA[Jun 06, 2020 1:34:45 PM org.hibernate.engine.jdbc.spi.SqlExceptionHelper logExceptions
WARN: SQL Error: 1062, SQLState: 23000
Jun 06, 2020 1:34:45 PM org.hibernate.engine.jdbc.spi.SqlExceptionHelper logExceptions
ERROR: Duplicate entry 'junit' for key 'account.user_UNIQUE'
]]></system-err>
  </testcase>
  <testcase name="testCreateEntityNullAndEmptyValues" classname="logic.AccountLogicTest" time="0.017">
    <error message="org.hibernate.exception.ConstraintViolationException: could not execute statement" type="javax.persistence.PersistenceException">javax.persistence.PersistenceException: org.hibernate.exception.ConstraintViolationException: could not execute statement
	at logic.AccountLogicTest.setUp(AccountLogicTest.java:64)
Caused by: org.hibernate.exception.ConstraintViolationException: could not execute statement
	at logic.AccountLogicTest.setUp(AccountLogicTest.java:64)
Caused by: java.sql.SQLIntegrityConstraintViolationException: Duplicate entry 'junit' for key 'account.user_UNIQUE'
	at logic.AccountLogicTest.setUp(AccountLogicTest.java:64)
</error>
    <system-out><![CDATA[Hibernate: 
    /* insert entity.Account
        */ insert 
        into
            redditreader.account
            (nickname, password, username) 
        values
            (?, ?, ?)
]]></system-out>
    <system-err><![CDATA[Jun 06, 2020 1:34:45 PM org.hibernate.engine.jdbc.spi.SqlExceptionHelper logExceptions
WARN: SQL Error: 1062, SQLState: 23000
Jun 06, 2020 1:34:45 PM org.hibernate.engine.jdbc.spi.SqlExceptionHelper logExceptions
ERROR: Duplicate entry 'junit' for key 'account.user_UNIQUE'
]]></system-err>
  </testcase>
  <testcase name="testGetAccountWith" classname="logic.AccountLogicTest" time="24.98">
    <error message="org.hibernate.exception.ConstraintViolationException: could not execute statement" type="javax.persistence.PersistenceException">javax.persistence.PersistenceException: org.hibernate.exception.ConstraintViolationException: could not execute statement
	at logic.AccountLogicTest.setUp(AccountLogicTest.java:64)
Caused by: org.hibernate.exception.ConstraintViolationException: could not execute statement
	at logic.AccountLogicTest.setUp(AccountLogicTest.java:64)
Caused by: java.sql.SQLIntegrityConstraintViolationException: Duplicate entry 'junit' for key 'account.user_UNIQUE'
	at logic.AccountLogicTest.setUp(AccountLogicTest.java:64)
</error>
    <system-out><![CDATA[Hibernate: 
    /* insert entity.Account
        */ insert 
        into
            redditreader.account
            (nickname, password, username) 
        values
            (?, ?, ?)
]]></system-out>
    <system-err><![CDATA[Jun 06, 2020 1:35:10 PM org.hibernate.engine.jdbc.spi.SqlExceptionHelper logExceptions
WARN: SQL Error: 1062, SQLState: 23000
Jun 06, 2020 1:35:10 PM org.hibernate.engine.jdbc.spi.SqlExceptionHelper logExceptions
ERROR: Duplicate entry 'junit' for key 'account.user_UNIQUE'
]]></system-err>
  </testcase>
  <testcase name="testExtractDataAsList" classname="logic.AccountLogicTest" time="0.023">
    <error message="org.hibernate.exception.ConstraintViolationException: could not execute statement" type="javax.persistence.PersistenceException">javax.persistence.PersistenceException: org.hibernate.exception.ConstraintViolationException: could not execute statement
	at logic.AccountLogicTest.setUp(AccountLogicTest.java:64)
Caused by: org.hibernate.exception.ConstraintViolationException: could not execute statement
	at logic.AccountLogicTest.setUp(AccountLogicTest.java:64)
Caused by: java.sql.SQLIntegrityConstraintViolationException: Duplicate entry 'junit' for key 'account.user_UNIQUE'
	at logic.AccountLogicTest.setUp(AccountLogicTest.java:64)
</error>
    <system-out><![CDATA[Hibernate: 
    /* insert entity.Account
        */ insert 
        into
            redditreader.account
            (nickname, password, username) 
        values
            (?, ?, ?)
]]></system-out>
    <system-err><![CDATA[Jun 06, 2020 1:35:10 PM org.hibernate.engine.jdbc.spi.SqlExceptionHelper logExceptions
WARN: SQL Error: 1062, SQLState: 23000
Jun 06, 2020 1:35:10 PM org.hibernate.engine.jdbc.spi.SqlExceptionHelper logExceptions
ERROR: Duplicate entry 'junit' for key 'account.user_UNIQUE'
]]></system-err>
  </testcase>
  <testcase name="testGetAccountWIthUser" classname="logic.AccountLogicTest" time="19.995">
    <error message="org.hibernate.exception.ConstraintViolationException: could not execute statement" type="javax.persistence.PersistenceException">javax.persistence.PersistenceException: org.hibernate.exception.ConstraintViolationException: could not execute statement
	at logic.AccountLogicTest.setUp(AccountLogicTest.java:64)
Caused by: org.hibernate.exception.ConstraintViolationException: could not execute statement
	at logic.AccountLogicTest.setUp(AccountLogicTest.java:64)
Caused by: java.sql.SQLIntegrityConstraintViolationException: Duplicate entry 'junit' for key 'account.user_UNIQUE'
	at logic.AccountLogicTest.setUp(AccountLogicTest.java:64)
</error>
    <system-out><![CDATA[Hibernate: 
    /* insert entity.Account
        */ insert 
        into
            redditreader.account
            (nickname, password, username) 
        values
            (?, ?, ?)
]]></system-out>
    <system-err><![CDATA[Jun 06, 2020 1:35:30 PM org.hibernate.engine.jdbc.spi.SqlExceptionHelper logExceptions
WARN: SQL Error: 1062, SQLState: 23000
Jun 06, 2020 1:35:30 PM org.hibernate.engine.jdbc.spi.SqlExceptionHelper logExceptions
ERROR: Duplicate entry 'junit' for key 'account.user_UNIQUE'
]]></system-err>
  </testcase>
  <testcase name="testGetAccountsWithPassword" classname="logic.AccountLogicTest" time="5.019">
    <error message="org.hibernate.exception.ConstraintViolationException: could not execute statement" type="javax.persistence.PersistenceException">javax.persistence.PersistenceException: org.hibernate.exception.ConstraintViolationException: could not execute statement
	at logic.AccountLogicTest.setUp(AccountLogicTest.java:64)
Caused by: org.hibernate.exception.ConstraintViolationException: could not execute statement
	at logic.AccountLogicTest.setUp(AccountLogicTest.java:64)
Caused by: java.sql.SQLIntegrityConstraintViolationException: Duplicate entry 'junit' for key 'account.user_UNIQUE'
	at logic.AccountLogicTest.setUp(AccountLogicTest.java:64)
</error>
    <system-out><![CDATA[Hibernate: 
    /* insert entity.Account
        */ insert 
        into
            redditreader.account
            (nickname, password, username) 
        values
            (?, ?, ?)
]]></system-out>
    <system-err><![CDATA[Jun 06, 2020 1:35:35 PM org.hibernate.engine.jdbc.spi.SqlExceptionHelper logExceptions
WARN: SQL Error: 1062, SQLState: 23000
Jun 06, 2020 1:35:35 PM org.hibernate.engine.jdbc.spi.SqlExceptionHelper logExceptions
ERROR: Duplicate entry 'junit' for key 'account.user_UNIQUE'
]]></system-err>
  </testcase>
  <testcase name="testCreateEntityAndAdd" classname="logic.AccountLogicTest" time="15.016">
    <error message="org.hibernate.exception.ConstraintViolationException: could not execute statement" type="javax.persistence.PersistenceException">javax.persistence.PersistenceException: org.hibernate.exception.ConstraintViolationException: could not execute statement
	at logic.AccountLogicTest.setUp(AccountLogicTest.java:64)
Caused by: org.hibernate.exception.ConstraintViolationException: could not execute statement
	at logic.AccountLogicTest.setUp(AccountLogicTest.java:64)
Caused by: java.sql.SQLIntegrityConstraintViolationException: Duplicate entry 'junit' for key 'account.user_UNIQUE'
	at logic.AccountLogicTest.setUp(AccountLogicTest.java:64)
</error>
    <system-out><![CDATA[Hibernate: 
    /* insert entity.Account
        */ insert 
        into
            redditreader.account
            (nickname, password, username) 
        values
            (?, ?, ?)
]]></system-out>
    <system-err><![CDATA[Jun 06, 2020 1:35:50 PM org.hibernate.engine.jdbc.spi.SqlExceptionHelper logExceptions
WARN: SQL Error: 1062, SQLState: 23000
Jun 06, 2020 1:35:50 PM org.hibernate.engine.jdbc.spi.SqlExceptionHelper logExceptions
ERROR: Duplicate entry 'junit' for key 'account.user_UNIQUE'
]]></system-err>
  </testcase>
  <testcase name="testCreateEntityBadLengthValues" classname="logic.AccountLogicTest" time="4.998">
    <error message="org.hibernate.exception.ConstraintViolationException: could not execute statement" type="javax.persistence.PersistenceException">javax.persistence.PersistenceException: org.hibernate.exception.ConstraintViolationException: could not execute statement
	at logic.AccountLogicTest.setUp(AccountLogicTest.java:64)
Caused by: org.hibernate.exception.ConstraintViolationException: could not execute statement
	at logic.AccountLogicTest.setUp(AccountLogicTest.java:64)
Caused by: java.sql.SQLIntegrityConstraintViolationException: Duplicate entry 'junit' for key 'account.user_UNIQUE'
	at logic.AccountLogicTest.setUp(AccountLogicTest.java:64)
</error>
    <system-out><![CDATA[Hibernate: 
    /* insert entity.Account
        */ insert 
        into
            redditreader.account
            (nickname, password, username) 
        values
            (?, ?, ?)
]]></system-out>
    <system-err><![CDATA[Jun 06, 2020 1:35:55 PM org.hibernate.engine.jdbc.spi.SqlExceptionHelper logExceptions
WARN: SQL Error: 1062, SQLState: 23000
Jun 06, 2020 1:35:55 PM org.hibernate.engine.jdbc.spi.SqlExceptionHelper logExceptions
ERROR: Duplicate entry 'junit' for key 'account.user_UNIQUE'
]]></system-err>
  </testcase>
  <testcase name="testCreateEntityEdgeValues" classname="logic.AccountLogicTest" time="15.011">
    <error message="org.hibernate.exception.ConstraintViolationException: could not execute statement" type="javax.persistence.PersistenceException">javax.persistence.PersistenceException: org.hibernate.exception.ConstraintViolationException: could not execute statement
	at logic.AccountLogicTest.setUp(AccountLogicTest.java:64)
Caused by: org.hibernate.exception.ConstraintViolationException: could not execute statement
	at logic.AccountLogicTest.setUp(AccountLogicTest.java:64)
Caused by: java.sql.SQLIntegrityConstraintViolationException: Duplicate entry 'junit' for key 'account.user_UNIQUE'
	at logic.AccountLogicTest.setUp(AccountLogicTest.java:64)
</error>
    <system-out><![CDATA[Hibernate: 
    /* insert entity.Account
        */ insert 
        into
            redditreader.account
            (nickname, password, username) 
        values
            (?, ?, ?)
]]></system-out>
    <system-err><![CDATA[Jun 06, 2020 1:36:10 PM org.hibernate.engine.jdbc.spi.SqlExceptionHelper logExceptions
WARN: SQL Error: 1062, SQLState: 23000
Jun 06, 2020 1:36:10 PM org.hibernate.engine.jdbc.spi.SqlExceptionHelper logExceptions
ERROR: Duplicate entry 'junit' for key 'account.user_UNIQUE'
]]></system-err>
  </testcase>
  <testcase name="testGetAll" classname="logic.AccountLogicTest" time="5.009">
    <error message="org.hibernate.exception.ConstraintViolationException: could not execute statement" type="javax.persistence.PersistenceException">javax.persistence.PersistenceException: org.hibernate.exception.ConstraintViolationException: could not execute statement
	at logic.AccountLogicTest.setUp(AccountLogicTest.java:64)
Caused by: org.hibernate.exception.ConstraintViolationException: could not execute statement
	at logic.AccountLogicTest.setUp(AccountLogicTest.java:64)
Caused by: java.sql.SQLIntegrityConstraintViolationException: Duplicate entry 'junit' for key 'account.user_UNIQUE'
	at logic.AccountLogicTest.setUp(AccountLogicTest.java:64)
</error>
    <system-out><![CDATA[Hibernate: 
    /* insert entity.Account
        */ insert 
        into
            redditreader.account
            (nickname, password, username) 
        values
            (?, ?, ?)
]]></system-out>
    <system-err><![CDATA[Jun 06, 2020 1:36:15 PM org.hibernate.engine.jdbc.spi.SqlExceptionHelper logExceptions
WARN: SQL Error: 1062, SQLState: 23000
Jun 06, 2020 1:36:15 PM org.hibernate.engine.jdbc.spi.SqlExceptionHelper logExceptions
ERROR: Duplicate entry 'junit' for key 'account.user_UNIQUE'
]]></system-err>
  </testcase>
  <testcase name="testGetColumnCodes" classname="logic.AccountLogicTest" time="15.01">
    <error message="org.hibernate.exception.ConstraintViolationException: could not execute statement" type="javax.persistence.PersistenceException">javax.persistence.PersistenceException: org.hibernate.exception.ConstraintViolationException: could not execute statement
	at logic.AccountLogicTest.setUp(AccountLogicTest.java:64)
Caused by: org.hibernate.exception.ConstraintViolationException: could not execute statement
	at logic.AccountLogicTest.setUp(AccountLogicTest.java:64)
Caused by: java.sql.SQLIntegrityConstraintViolationException: Duplicate entry 'junit' for key 'account.user_UNIQUE'
	at logic.AccountLogicTest.setUp(AccountLogicTest.java:64)
</error>
    <system-out><![CDATA[Hibernate: 
    /* insert entity.Account
        */ insert 
        into
            redditreader.account
            (nickname, password, username) 
        values
            (?, ?, ?)
]]></system-out>
    <system-err><![CDATA[Jun 06, 2020 1:36:30 PM org.hibernate.engine.jdbc.spi.SqlExceptionHelper logExceptions
WARN: SQL Error: 1062, SQLState: 23000
Jun 06, 2020 1:36:30 PM org.hibernate.engine.jdbc.spi.SqlExceptionHelper logExceptions
ERROR: Duplicate entry 'junit' for key 'account.user_UNIQUE'
]]></system-err>
  </testcase>
  <testcase name="testGetColumnNames" classname="logic.AccountLogicTest" time="5">
    <error message="org.hibernate.exception.ConstraintViolationException: could not execute statement" type="javax.persistence.PersistenceException">javax.persistence.PersistenceException: org.hibernate.exception.ConstraintViolationException: could not execute statement
	at logic.AccountLogicTest.setUp(AccountLogicTest.java:64)
Caused by: org.hibernate.exception.ConstraintViolationException: could not execute statement
	at logic.AccountLogicTest.setUp(AccountLogicTest.java:64)
Caused by: java.sql.SQLIntegrityConstraintViolationException: Duplicate entry 'junit' for key 'account.user_UNIQUE'
	at logic.AccountLogicTest.setUp(AccountLogicTest.java:64)
</error>
    <system-out><![CDATA[Hibernate: 
    /* insert entity.Account
        */ insert 
        into
            redditreader.account
            (nickname, password, username) 
        values
            (?, ?, ?)
]]></system-out>
    <system-err><![CDATA[Jun 06, 2020 1:36:35 PM org.hibernate.engine.jdbc.spi.SqlExceptionHelper logExceptions
WARN: SQL Error: 1062, SQLState: 23000
Jun 06, 2020 1:36:35 PM org.hibernate.engine.jdbc.spi.SqlExceptionHelper logExceptions
ERROR: Duplicate entry 'junit' for key 'account.user_UNIQUE'
]]></system-err>
  </testcase>
  <testcase name="testGetWithId" classname="logic.AccountLogicTest" time="15.02">
    <error message="org.hibernate.exception.ConstraintViolationException: could not execute statement" type="javax.persistence.PersistenceException">javax.persistence.PersistenceException: org.hibernate.exception.ConstraintViolationException: could not execute statement
	at logic.AccountLogicTest.setUp(AccountLogicTest.java:64)
Caused by: org.hibernate.exception.ConstraintViolationException: could not execute statement
	at logic.AccountLogicTest.setUp(AccountLogicTest.java:64)
Caused by: java.sql.SQLIntegrityConstraintViolationException: Duplicate entry 'junit' for key 'account.user_UNIQUE'
	at logic.AccountLogicTest.setUp(AccountLogicTest.java:64)
</error>
    <system-out><![CDATA[Hibernate: 
    /* insert entity.Account
        */ insert 
        into
            redditreader.account
            (nickname, password, username) 
        values
            (?, ?, ?)
]]></system-out>
    <system-err><![CDATA[Jun 06, 2020 1:36:50 PM org.hibernate.engine.jdbc.spi.SqlExceptionHelper logExceptions
WARN: SQL Error: 1062, SQLState: 23000
Jun 06, 2020 1:36:50 PM org.hibernate.engine.jdbc.spi.SqlExceptionHelper logExceptions
ERROR: Duplicate entry 'junit' for key 'account.user_UNIQUE'
]]></system-err>
  </testcase>
  <testcase name="testSearch" classname="logic.AccountLogicTest" time="4.992">
    <error message="org.hibernate.exception.ConstraintViolationException: could not execute statement" type="javax.persistence.PersistenceException">javax.persistence.PersistenceException: org.hibernate.exception.ConstraintViolationException: could not execute statement
	at logic.AccountLogicTest.setUp(AccountLogicTest.java:64)
Caused by: org.hibernate.exception.ConstraintViolationException: could not execute statement
	at logic.AccountLogicTest.setUp(AccountLogicTest.java:64)
Caused by: java.sql.SQLIntegrityConstraintViolationException: Duplicate entry 'junit' for key 'account.user_UNIQUE'
	at logic.AccountLogicTest.setUp(AccountLogicTest.java:64)
</error>
    <system-out><![CDATA[Hibernate: 
    /* insert entity.Account
        */ insert 
        into
            redditreader.account
            (nickname, password, username) 
        values
            (?, ?, ?)
]]></system-out>
    <system-err><![CDATA[Jun 06, 2020 1:36:55 PM org.hibernate.engine.jdbc.spi.SqlExceptionHelper logExceptions
WARN: SQL Error: 1062, SQLState: 23000
Jun 06, 2020 1:36:55 PM org.hibernate.engine.jdbc.spi.SqlExceptionHelper logExceptions
ERROR: Duplicate entry 'junit' for key 'account.user_UNIQUE'
]]></system-err>
  </testcase>
</testsuite>